{"component": "test", "event": "file_log_test", "timestamp": "2026-05-24T07:49:03.677913Z", "level": "info", "logger": "__main__", "_record": "<LogRecord: __main__, 20, <string>, 3, \"{'component': 'test', 'event': 'file_log_test', 'timestamp': '2026-05-24T07:49:03.677913Z', 'level': 'info', 'logger': '__main__'}\">", "_from_structlog": true}
{"component": "test", "event": "file_log_test_clean", "timestamp": "2026-05-24T07:49:11.268140Z", "level": "info", "logger": "__main__"}
{"event": "HTTP Request: HEAD https://huggingface.co/sentence-transformers/all-MiniLM-L6-v2/resolve/main/config.json \"HTTP/1.1 307 Temporary Redirect\"", "timestamp": "2026-05-24T07:50:48.530142Z", "level": "info", "logger": "httpx"}
{"event": "HTTP Request: HEAD https://huggingface.co/api/resolve-cache/models/sentence-transformers/all-MiniLM-L6-v2/c9745ed1d9f207416be6d2e6f8de32d1f16199bf/config.json \"HTTP/1.1 200 OK\"", "timestamp": "2026-05-24T07:50:48.579816Z", "level": "info", "logger": "httpx"}
{"event": "HTTP Request: HEAD https://huggingface.co/sentence-transformers/all-MiniLM-L6-v2/resolve/main/tokenizer_config.json \"HTTP/1.1 307 Temporary Redirect\"", "timestamp": "2026-05-24T07:50:48.846029Z", "level": "info", "logger": "httpx"}
{"event": "HTTP Request: HEAD https://huggingface.co/api/resolve-cache/models/sentence-transformers/all-MiniLM-L6-v2/c9745ed1d9f207416be6d2e6f8de32d1f16199bf/tokenizer_config.json \"HTTP/1.1 200 OK\"", "timestamp": "2026-05-24T07:50:48.900457Z", "level": "info", "logger": "httpx"}
{"event": "HTTP Request: GET https://huggingface.co/api/models/sentence-transformers/all-MiniLM-L6-v2/tree/main/additional_chat_templates?recursive=false&expand=false \"HTTP/1.1 404 Not Found\"", "timestamp": "2026-05-24T07:50:49.177735Z", "level": "info", "logger": "httpx"}
{"event": "HTTP Request: GET https://huggingface.co/api/models/sentence-transformers/all-MiniLM-L6-v2/tree/main?recursive=true&expand=false \"HTTP/1.1 200 OK\"", "timestamp": "2026-05-24T07:50:49.460229Z", "level": "info", "logger": "httpx"}
{"event": "HTTP Request: HEAD https://huggingface.co/sentence-transformers/all-MiniLM-L6-v2/resolve/main/sentence_bert_config.json \"HTTP/1.1 307 Temporary Redirect\"", "timestamp": "2026-05-24T07:50:49.759274Z", "level": "info", "logger": "httpx"}
{"event": "Warning: You are sending unauthenticated requests to the HF Hub. Please set a HF_TOKEN to enable higher rate limits and faster downloads.", "timestamp": "2026-05-24T07:50:49.760346Z", "level": "warning", "logger": "huggingface_hub.utils._http"}
{"event": "HTTP Request: HEAD https://huggingface.co/api/resolve-cache/models/sentence-transformers/all-MiniLM-L6-v2/c9745ed1d9f207416be6d2e6f8de32d1f16199bf/sentence_bert_config.json \"HTTP/1.1 200 OK\"", "timestamp": "2026-05-24T07:50:49.808556Z", "level": "info", "logger": "httpx"}
{"event": "HTTP Request: HEAD https://huggingface.co/sentence-transformers/all-MiniLM-L6-v2/resolve/main/config.json \"HTTP/1.1 307 Temporary Redirect\"", "timestamp": "2026-05-24T07:52:16.839597Z", "level": "info", "logger": "httpx"}
{"event": "Warning: You are sending unauthenticated requests to the HF Hub. Please set a HF_TOKEN to enable higher rate limits and faster downloads.", "timestamp": "2026-05-24T07:52:16.844070Z", "level": "warning", "logger": "huggingface_hub.utils._http"}
{"event": "HTTP Request: HEAD https://huggingface.co/api/resolve-cache/models/sentence-transformers/all-MiniLM-L6-v2/c9745ed1d9f207416be6d2e6f8de32d1f16199bf/config.json \"HTTP/1.1 200 OK\"", "timestamp": "2026-05-24T07:52:16.891766Z", "level": "info", "logger": "httpx"}
{"event": "HTTP Request: HEAD https://huggingface.co/sentence-transformers/all-MiniLM-L6-v2/resolve/main/tokenizer_config.json \"HTTP/1.1 307 Temporary Redirect\"", "timestamp": "2026-05-24T07:52:17.163069Z", "level": "info", "logger": "httpx"}
{"event": "HTTP Request: HEAD https://huggingface.co/api/resolve-cache/models/sentence-transformers/all-MiniLM-L6-v2/c9745ed1d9f207416be6d2e6f8de32d1f16199bf/tokenizer_config.json \"HTTP/1.1 200 OK\"", "timestamp": "2026-05-24T07:52:17.211787Z", "level": "info", "logger": "httpx"}
{"event": "HTTP Request: GET https://huggingface.co/api/models/sentence-transformers/all-MiniLM-L6-v2/tree/main/additional_chat_templates?recursive=false&expand=false \"HTTP/1.1 404 Not Found\"", "timestamp": "2026-05-24T07:52:17.496164Z", "level": "info", "logger": "httpx"}
{"event": "HTTP Request: GET https://huggingface.co/api/models/sentence-transformers/all-MiniLM-L6-v2/tree/main?recursive=true&expand=false \"HTTP/1.1 200 OK\"", "timestamp": "2026-05-24T07:52:17.764227Z", "level": "info", "logger": "httpx"}
{"event": "HTTP Request: HEAD https://huggingface.co/sentence-transformers/all-MiniLM-L6-v2/resolve/main/sentence_bert_config.json \"HTTP/1.1 307 Temporary Redirect\"", "timestamp": "2026-05-24T07:52:18.885647Z", "level": "info", "logger": "httpx"}
{"event": "HTTP Request: HEAD https://huggingface.co/api/resolve-cache/models/sentence-transformers/all-MiniLM-L6-v2/c9745ed1d9f207416be6d2e6f8de32d1f16199bf/sentence_bert_config.json \"HTTP/1.1 200 OK\"", "timestamp": "2026-05-24T07:52:18.935953Z", "level": "info", "logger": "httpx"}
{"event": "HTTP Request: HEAD https://huggingface.co/sentence-transformers/all-MiniLM-L6-v2/resolve/main/config.json \"HTTP/1.1 307 Temporary Redirect\"", "timestamp": "2026-05-24T08:24:54.986820Z", "level": "info", "logger": "httpx"}
{"event": "Warning: You are sending unauthenticated requests to the HF Hub. Please set a HF_TOKEN to enable higher rate limits and faster downloads.", "timestamp": "2026-05-24T08:24:54.990911Z", "level": "warning", "logger": "huggingface_hub.utils._http"}
{"event": "HTTP Request: HEAD https://huggingface.co/api/resolve-cache/models/sentence-transformers/all-MiniLM-L6-v2/c9745ed1d9f207416be6d2e6f8de32d1f16199bf/config.json \"HTTP/1.1 200 OK\"", "timestamp": "2026-05-24T08:24:55.038816Z", "level": "info", "logger": "httpx"}
{"event": "HTTP Request: HEAD https://huggingface.co/sentence-transformers/all-MiniLM-L6-v2/resolve/main/tokenizer_config.json \"HTTP/1.1 307 Temporary Redirect\"", "timestamp": "2026-05-24T08:24:55.306336Z", "level": "info", "logger": "httpx"}
{"event": "HTTP Request: HEAD https://huggingface.co/api/resolve-cache/models/sentence-transformers/all-MiniLM-L6-v2/c9745ed1d9f207416be6d2e6f8de32d1f16199bf/tokenizer_config.json \"HTTP/1.1 200 OK\"", "timestamp": "2026-05-24T08:24:55.356621Z", "level": "info", "logger": "httpx"}
{"event": "HTTP Request: GET https://huggingface.co/api/models/sentence-transformers/all-MiniLM-L6-v2/tree/main/additional_chat_templates?recursive=false&expand=false \"HTTP/1.1 404 Not Found\"", "timestamp": "2026-05-24T08:24:55.627716Z", "level": "info", "logger": "httpx"}
{"event": "HTTP Request: GET https://huggingface.co/api/models/sentence-transformers/all-MiniLM-L6-v2/tree/main?recursive=true&expand=false \"HTTP/1.1 200 OK\"", "timestamp": "2026-05-24T08:24:55.894414Z", "level": "info", "logger": "httpx"}
{"event": "HTTP Request: HEAD https://huggingface.co/sentence-transformers/all-MiniLM-L6-v2/resolve/main/sentence_bert_config.json \"HTTP/1.1 307 Temporary Redirect\"", "timestamp": "2026-05-24T08:24:56.208966Z", "level": "info", "logger": "httpx"}
{"event": "HTTP Request: HEAD https://huggingface.co/api/resolve-cache/models/sentence-transformers/all-MiniLM-L6-v2/c9745ed1d9f207416be6d2e6f8de32d1f16199bf/sentence_bert_config.json \"HTTP/1.1 200 OK\"", "timestamp": "2026-05-24T08:24:56.258257Z", "level": "info", "logger": "httpx"}
{"event": "HTTP Request: HEAD https://huggingface.co/sentence-transformers/all-MiniLM-L6-v2/resolve/main/config.json \"HTTP/1.1 307 Temporary Redirect\"", "timestamp": "2026-05-24T08:25:23.314458Z", "level": "info", "logger": "httpx"}
{"event": "Warning: You are sending unauthenticated requests to the HF Hub. Please set a HF_TOKEN to enable higher rate limits and faster downloads.", "timestamp": "2026-05-24T08:25:23.315552Z", "level": "warning", "logger": "huggingface_hub.utils._http"}
{"event": "HTTP Request: HEAD https://huggingface.co/api/resolve-cache/models/sentence-transformers/all-MiniLM-L6-v2/c9745ed1d9f207416be6d2e6f8de32d1f16199bf/config.json \"HTTP/1.1 200 OK\"", "timestamp": "2026-05-24T08:25:23.370058Z", "level": "info", "logger": "httpx"}
{"event": "HTTP Request: HEAD https://huggingface.co/sentence-transformers/all-MiniLM-L6-v2/resolve/main/tokenizer_config.json \"HTTP/1.1 307 Temporary Redirect\"", "timestamp": "2026-05-24T08:25:23.662751Z", "level": "info", "logger": "httpx"}
{"event": "HTTP Request: HEAD https://huggingface.co/api/resolve-cache/models/sentence-transformers/all-MiniLM-L6-v2/c9745ed1d9f207416be6d2e6f8de32d1f16199bf/tokenizer_config.json \"HTTP/1.1 200 OK\"", "timestamp": "2026-05-24T08:25:23.717761Z", "level": "info", "logger": "httpx"}
{"event": "HTTP Request: GET https://huggingface.co/api/models/sentence-transformers/all-MiniLM-L6-v2/tree/main/additional_chat_templates?recursive=false&expand=false \"HTTP/1.1 404 Not Found\"", "timestamp": "2026-05-24T08:25:23.999638Z", "level": "info", "logger": "httpx"}
{"event": "HTTP Request: GET https://huggingface.co/api/models/sentence-transformers/all-MiniLM-L6-v2/tree/main?recursive=true&expand=false \"HTTP/1.1 200 OK\"", "timestamp": "2026-05-24T08:25:24.274333Z", "level": "info", "logger": "httpx"}
{"event": "HTTP Request: HEAD https://huggingface.co/sentence-transformers/all-MiniLM-L6-v2/resolve/main/sentence_bert_config.json \"HTTP/1.1 307 Temporary Redirect\"", "timestamp": "2026-05-24T08:25:25.393593Z", "level": "info", "logger": "httpx"}
{"event": "HTTP Request: HEAD https://huggingface.co/api/resolve-cache/models/sentence-transformers/all-MiniLM-L6-v2/c9745ed1d9f207416be6d2e6f8de32d1f16199bf/sentence_bert_config.json \"HTTP/1.1 200 OK\"", "timestamp": "2026-05-24T08:25:25.446921Z", "level": "info", "logger": "httpx"}
{"event": "HTTP Request: HEAD https://huggingface.co/sentence-transformers/all-MiniLM-L6-v2/resolve/main/config.json \"HTTP/1.1 307 Temporary Redirect\"", "timestamp": "2026-05-24T08:26:17.779676Z", "level": "info", "logger": "httpx"}
{"event": "HTTP Request: HEAD https://huggingface.co/api/resolve-cache/models/sentence-transformers/all-MiniLM-L6-v2/c9745ed1d9f207416be6d2e6f8de32d1f16199bf/config.json \"HTTP/1.1 200 OK\"", "timestamp": "2026-05-24T08:26:17.795705Z", "level": "info", "logger": "httpx"}
{"event": "HTTP Request: HEAD https://huggingface.co/sentence-transformers/all-MiniLM-L6-v2/resolve/main/tokenizer_config.json \"HTTP/1.1 307 Temporary Redirect\"", "timestamp": "2026-05-24T08:26:18.031463Z", "level": "info", "logger": "httpx"}
{"event": "Warning: You are sending unauthenticated requests to the HF Hub. Please set a HF_TOKEN to enable higher rate limits and faster downloads.", "timestamp": "2026-05-24T08:26:18.032583Z", "level": "warning", "logger": "huggingface_hub.utils._http"}
{"event": "HTTP Request: HEAD https://huggingface.co/api/resolve-cache/models/sentence-transformers/all-MiniLM-L6-v2/c9745ed1d9f207416be6d2e6f8de32d1f16199bf/tokenizer_config.json \"HTTP/1.1 200 OK\"", "timestamp": "2026-05-24T08:26:18.047420Z", "level": "info", "logger": "httpx"}
{"event": "HTTP Request: GET https://huggingface.co/api/models/sentence-transformers/all-MiniLM-L6-v2/tree/main/additional_chat_templates?recursive=false&expand=false \"HTTP/1.1 404 Not Found\"", "timestamp": "2026-05-24T08:26:18.283274Z", "level": "info", "logger": "httpx"}
{"event": "HTTP Request: GET https://huggingface.co/api/models/sentence-transformers/all-MiniLM-L6-v2/tree/main?recursive=true&expand=false \"HTTP/1.1 200 OK\"", "timestamp": "2026-05-24T08:26:18.511564Z", "level": "info", "logger": "httpx"}
{"event": "HTTP Request: HEAD https://huggingface.co/sentence-transformers/all-MiniLM-L6-v2/resolve/main/sentence_bert_config.json \"HTTP/1.1 307 Temporary Redirect\"", "timestamp": "2026-05-24T08:26:19.133383Z", "level": "info", "logger": "httpx"}
{"event": "HTTP Request: HEAD https://huggingface.co/api/resolve-cache/models/sentence-transformers/all-MiniLM-L6-v2/c9745ed1d9f207416be6d2e6f8de32d1f16199bf/sentence_bert_config.json \"HTTP/1.1 200 OK\"", "timestamp": "2026-05-24T08:26:19.149387Z", "level": "info", "logger": "httpx"}
{"task_id": "t1", "content_sha256": "f69f813f2771c1edeaa590f8d18978bfc9712ceb87b9c3ed0282e4435a2ec1e4", "filename": "test.md", "size_bytes": 16, "event": "document_received", "timestamp": "2026-05-24T08:26:19.152081Z", "level": "info", "logger": "enterprise_rag.repository.doc"}
{"event": "detected formats: [<InputFormat.MD: 'md'>]", "timestamp": "2026-05-24T08:26:19.153186Z", "level": "info", "logger": "docling.datamodel.document"}
{"event": "Going to convert document batch...", "timestamp": "2026-05-24T08:26:19.153536Z", "level": "info", "logger": "docling.document_converter"}
{"event": "Initializing pipeline for SimplePipeline with options hash 7d306d2d021deac65a97d1a5f925362a", "timestamp": "2026-05-24T08:26:19.153680Z", "level": "info", "logger": "docling.document_converter"}
{"event": "Loading plugin 'docling_defaults'", "timestamp": "2026-05-24T08:26:19.157486Z", "level": "info", "logger": "docling.models.factories.base_factory"}
{"event": "Registered picture descriptions: ['picture_description_vlm_engine', 'vlm', 'api']", "timestamp": "2026-05-24T08:26:19.159162Z", "level": "info", "logger": "docling.models.factories"}
{"event": "Processing document test.md", "timestamp": "2026-05-24T08:26:19.159345Z", "level": "info", "logger": "docling.pipeline.base_pipeline"}
{"event": "Finished converting document test.md in 0.01 sec.", "timestamp": "2026-05-24T08:26:19.160974Z", "level": "info", "logger": "docling.document_converter"}
{"task_id": "t1", "content_sha256": "f69f813f2771c1edeaa590f8d18978bfc9712ceb87b9c3ed0282e4435a2ec1e4", "chunk_count": 1, "event": "chunking_completed", "timestamp": "2026-05-24T08:26:19.163036Z", "level": "info", "logger": "enterprise_rag.repository.doc"}
{"event": "BEGIN (implicit)", "timestamp": "2026-05-24T08:26:19.164754Z", "level": "info", "logger": "sqlalchemy.engine.Engine"}
{"event": "INSERT INTO documents (title, content, s3_key, hash, created_at, updated_at) VALUES (%(title)s, %(content)s, %(s3_key)s, %(hash)s, %(created_at)s, %(updated_at)s) RETURNING documents.id", "timestamp": "2026-05-24T08:26:19.165918Z", "level": "info", "logger": "sqlalchemy.engine.Engine"}
{"event": "[generated in 0.00016s] {'title': 'test.md', 'content': '# Hi\\n\\nParagraph.', 's3_key': 'documents/30d6967c-4885-4c80-a23f-cb2f205c111e/test.md', 'hash': 'f69f813f2771c1edeaa590f8d18978bfc9712ceb87b9c3ed0282e4435a2ec1e4', 'created_at': datetime.datetime(2026, 5, 24, 8, 26, 17, 422179, tzinfo=datetime.timezone.utc), 'updated_at': datetime.datetime(2026, 5, 24, 8, 26, 17, 422219, tzinfo=datetime.timezone.utc)}", "timestamp": "2026-05-24T08:26:19.166037Z", "level": "info", "logger": "sqlalchemy.engine.Engine"}
{"event": "INSERT INTO chunks (document_id, text, chunk_index, token_count, embedding, metadata, created_at, updated_at) VALUES (%(document_id)s, %(text)s, %(chunk_index)s, %(token_count)s, %(embedding)s, %(metadata)s::JSON, %(created_at)s, %(updated_at)s) RETURNING chunks.id", "timestamp": "2026-05-24T08:26:19.171362Z", "level": "info", "logger": "sqlalchemy.engine.Engine"}
{"event": "[generated in 0.00015s] {'document_id': 13, 'text': 'Paragraph.', 'chunk_index': 0, 'token_count': 2, 'embedding': None, 'metadata': '{\"page_numbers\": [], \"chunk_index\": 0, \"token_count\": 2, \"source\": \"mimetype=\\'text/markdown\\' binary_hash=180957912975196644 filename=\\'test.md\\' uri=None\"}', 'created_at': datetime.datetime(2026, 5, 24, 8, 26, 17, 423162, tzinfo=datetime.timezone.utc), 'updated_at': datetime.datetime(2026, 5, 24, 8, 26, 17, 423168, tzinfo=datetime.timezone.utc)}", "timestamp": "2026-05-24T08:26:19.171464Z", "level": "info", "logger": "sqlalchemy.engine.Engine"}
{"event": "COMMIT", "timestamp": "2026-05-24T08:26:19.185331Z", "level": "info", "logger": "sqlalchemy.engine.Engine"}
{"task_id": "t1", "content_sha256": "f69f813f2771c1edeaa590f8d18978bfc9712ceb87b9c3ed0282e4435a2ec1e4", "filename": "test.md", "size_bytes": 16, "chunk_count": 1, "event": "document_ingested", "timestamp": "2026-05-24T08:26:19.186154Z", "level": "info", "logger": "enterprise_rag.repository.doc"}
{"event": "HTTP Request: HEAD https://huggingface.co/sentence-transformers/all-MiniLM-L6-v2/resolve/main/config.json \"HTTP/1.1 307 Temporary Redirect\"", "timestamp": "2026-05-24T08:26:31.938396Z", "level": "info", "logger": "httpx"}
{"event": "HTTP Request: HEAD https://huggingface.co/api/resolve-cache/models/sentence-transformers/all-MiniLM-L6-v2/c9745ed1d9f207416be6d2e6f8de32d1f16199bf/config.json \"HTTP/1.1 200 OK\"", "timestamp": "2026-05-24T08:26:31.952919Z", "level": "info", "logger": "httpx"}
{"event": "HTTP Request: HEAD https://huggingface.co/sentence-transformers/all-MiniLM-L6-v2/resolve/main/tokenizer_config.json \"HTTP/1.1 307 Temporary Redirect\"", "timestamp": "2026-05-24T08:26:32.193669Z", "level": "info", "logger": "httpx"}
{"event": "Warning: You are sending unauthenticated requests to the HF Hub. Please set a HF_TOKEN to enable higher rate limits and faster downloads.", "timestamp": "2026-05-24T08:26:32.194754Z", "level": "warning", "logger": "huggingface_hub.utils._http"}
{"event": "HTTP Request: HEAD https://huggingface.co/api/resolve-cache/models/sentence-transformers/all-MiniLM-L6-v2/c9745ed1d9f207416be6d2e6f8de32d1f16199bf/tokenizer_config.json \"HTTP/1.1 200 OK\"", "timestamp": "2026-05-24T08:26:32.208013Z", "level": "info", "logger": "httpx"}
{"event": "HTTP Request: GET https://huggingface.co/api/models/sentence-transformers/all-MiniLM-L6-v2/tree/main/additional_chat_templates?recursive=false&expand=false \"HTTP/1.1 404 Not Found\"", "timestamp": "2026-05-24T08:26:32.442081Z", "level": "info", "logger": "httpx"}
{"event": "HTTP Request: GET https://huggingface.co/api/models/sentence-transformers/all-MiniLM-L6-v2/tree/main?recursive=true&expand=false \"HTTP/1.1 200 OK\"", "timestamp": "2026-05-24T08:26:32.670037Z", "level": "info", "logger": "httpx"}
{"event": "HTTP Request: HEAD https://huggingface.co/sentence-transformers/all-MiniLM-L6-v2/resolve/main/sentence_bert_config.json \"HTTP/1.1 307 Temporary Redirect\"", "timestamp": "2026-05-24T08:26:32.936899Z", "level": "info", "logger": "httpx"}
{"event": "HTTP Request: HEAD https://huggingface.co/api/resolve-cache/models/sentence-transformers/all-MiniLM-L6-v2/c9745ed1d9f207416be6d2e6f8de32d1f16199bf/sentence_bert_config.json \"HTTP/1.1 200 OK\"", "timestamp": "2026-05-24T08:26:32.952082Z", "level": "info", "logger": "httpx"}
{"event": "HTTP Request: HEAD https://huggingface.co/sentence-transformers/all-MiniLM-L6-v2/resolve/main/config.json \"HTTP/1.1 307 Temporary Redirect\"", "timestamp": "2026-05-24T11:03:52.126341Z", "level": "info", "logger": "httpx"}
{"event": "HTTP Request: HEAD https://huggingface.co/api/resolve-cache/models/sentence-transformers/all-MiniLM-L6-v2/c9745ed1d9f207416be6d2e6f8de32d1f16199bf/config.json \"HTTP/1.1 200 OK\"", "timestamp": "2026-05-24T11:03:52.137092Z", "level": "info", "logger": "httpx"}
{"event": "HTTP Request: HEAD https://huggingface.co/sentence-transformers/all-MiniLM-L6-v2/resolve/main/tokenizer_config.json \"HTTP/1.1 307 Temporary Redirect\"", "timestamp": "2026-05-24T11:03:52.375296Z", "level": "info", "logger": "httpx"}
{"event": "Warning: You are sending unauthenticated requests to the HF Hub. Please set a HF_TOKEN to enable higher rate limits and faster downloads.", "timestamp": "2026-05-24T11:03:52.376539Z", "level": "warning", "logger": "huggingface_hub.utils._http"}
{"event": "HTTP Request: HEAD https://huggingface.co/api/resolve-cache/models/sentence-transformers/all-MiniLM-L6-v2/c9745ed1d9f207416be6d2e6f8de32d1f16199bf/tokenizer_config.json \"HTTP/1.1 200 OK\"", "timestamp": "2026-05-24T11:03:52.388674Z", "level": "info", "logger": "httpx"}
{"event": "HTTP Request: GET https://huggingface.co/api/models/sentence-transformers/all-MiniLM-L6-v2/tree/main/additional_chat_templates?recursive=false&expand=false \"HTTP/1.1 404 Not Found\"", "timestamp": "2026-05-24T11:03:52.616227Z", "level": "info", "logger": "httpx"}
{"event": "HTTP Request: GET https://huggingface.co/api/models/sentence-transformers/all-MiniLM-L6-v2/tree/main?recursive=true&expand=false \"HTTP/1.1 200 OK\"", "timestamp": "2026-05-24T11:03:52.849435Z", "level": "info", "logger": "httpx"}
{"event": "HTTP Request: HEAD https://huggingface.co/sentence-transformers/all-MiniLM-L6-v2/resolve/main/sentence_bert_config.json \"HTTP/1.1 307 Temporary Redirect\"", "timestamp": "2026-05-24T11:03:53.126256Z", "level": "info", "logger": "httpx"}
{"event": "HTTP Request: HEAD https://huggingface.co/api/resolve-cache/models/sentence-transformers/all-MiniLM-L6-v2/c9745ed1d9f207416be6d2e6f8de32d1f16199bf/sentence_bert_config.json \"HTTP/1.1 200 OK\"", "timestamp": "2026-05-24T11:03:53.139813Z", "level": "info", "logger": "httpx"}
{"bucket": "uploads", "error": "An error occurred (NotImplemented) when calling the PutBucketCors operation: A header you provided implies functionality that is not implemented", "event": "bucket_cors_setup_skipped", "timestamp": "2026-05-24T14:32:26.166179Z", "level": "warning", "logger": "enterprise_rag.main"}
